21:27:23.555 [main] DEBUG io.netty.util.internal.PlatformDependent0 - -Dio.netty.noUnsafe: false
21:27:23.562 [main] DEBUG io.netty.util.internal.PlatformDependent0 - Java version: 8
21:27:23.563 [main] DEBUG io.netty.util.internal.PlatformDependent0 - sun.misc.Unsafe.theUnsafe: available
21:27:23.564 [main] DEBUG io.netty.util.internal.PlatformDependent0 - sun.misc.Unsafe.copyMemory: available
21:27:23.565 [main] DEBUG io.netty.util.internal.PlatformDependent0 - java.nio.Buffer.address: available
21:27:23.565 [main] DEBUG io.netty.util.internal.PlatformDependent0 - direct buffer constructor: available
21:27:23.569 [main] DEBUG io.netty.util.internal.PlatformDependent0 - java.nio.Bits.unaligned: available, true
21:27:23.569 [main] DEBUG io.netty.util.internal.PlatformDependent0 - jdk.internal.misc.Unsafe.allocateUninitializedArray(int): unavailable prior to Java9
21:27:23.569 [main] DEBUG io.netty.util.internal.PlatformDependent0 - java.nio.DirectByteBuffer.<init>(long, int): available
21:27:23.570 [main] DEBUG io.netty.util.internal.PlatformDependent - sun.misc.Unsafe: available
21:27:23.570 [main] DEBUG io.netty.util.internal.PlatformDependent - -Dio.netty.tmpdir: C:\Users\SRIDEV~1\AppData\Local\Temp (java.io.tmpdir)
21:27:23.570 [main] DEBUG io.netty.util.internal.PlatformDependent - -Dio.netty.bitMode: 64 (sun.arch.data.model)
21:27:23.571 [main] DEBUG io.netty.util.internal.PlatformDependent - Platform: Windows
21:27:23.572 [main] DEBUG io.netty.util.internal.PlatformDependent - -Dio.netty.maxDirectMemory: 1873805312 bytes
21:27:23.572 [main] DEBUG io.netty.util.internal.PlatformDependent - -Dio.netty.uninitializedArrayAllocationThreshold: -1
21:27:23.573 [main] DEBUG io.netty.util.internal.CleanerJava6 - java.nio.ByteBuffer.cleaner(): available
21:27:23.573 [main] DEBUG io.netty.util.internal.PlatformDependent - -Dio.netty.noPreferDirect: false
21:27:23.582 [main] DEBUG io.netty.util.internal.PlatformDependent - org.jctools-core.MpscChunkedArrayQueue: available
21:27:23.607 [main] DEBUG io.netty.util.internal.InternalThreadLocalMap - -Dio.netty.threadLocalMap.stringBuilder.initialSize: 1024
21:27:23.607 [main] DEBUG io.netty.util.internal.InternalThreadLocalMap - -Dio.netty.threadLocalMap.stringBuilder.maxSize: 4096
21:27:23.637 [main] DEBUG io.netty.handler.ssl.JdkSslContext - Default protocols (JDK): [TLSv1.2] 
21:27:23.637 [main] DEBUG io.netty.handler.ssl.JdkSslContext - Default cipher suites (JDK): [TLS_ECDHE_ECDSA_WITH_AES_256_GCM_SHA384, TLS_ECDHE_ECDSA_WITH_AES_128_GCM_SHA256, TLS_ECDHE_RSA_WITH_AES_128_GCM_SHA256, TLS_ECDHE_RSA_WITH_AES_256_GCM_SHA384, TLS_ECDHE_RSA_WITH_AES_128_CBC_SHA, TLS_ECDHE_RSA_WITH_AES_256_CBC_SHA, TLS_RSA_WITH_AES_128_GCM_SHA256, TLS_RSA_WITH_AES_128_CBC_SHA, TLS_RSA_WITH_AES_256_CBC_SHA, TLS_AES_128_GCM_SHA256, TLS_AES_256_GCM_SHA384]
21:27:23.678 [main] DEBUG io.netty.channel.MultithreadEventLoopGroup - -Dio.netty.eventLoopThreads: 8
21:27:23.689 [main] DEBUG io.netty.channel.nio.NioEventLoop - -Dio.netty.noKeySetOptimization: false
21:27:23.689 [main] DEBUG io.netty.channel.nio.NioEventLoop - -Dio.netty.selectorAutoRebuildThreshold: 512
21:27:23.702 [main] TRACE io.netty.channel.nio.NioEventLoop - instrumented a special java.util.Set into: sun.nio.ch.WindowsSelectorImpl@5af5def9
21:27:23.704 [main] TRACE io.netty.channel.nio.NioEventLoop - instrumented a special java.util.Set into: sun.nio.ch.WindowsSelectorImpl@47a64f7d
21:27:23.705 [main] TRACE io.netty.channel.nio.NioEventLoop - instrumented a special java.util.Set into: sun.nio.ch.WindowsSelectorImpl@33d05366
21:27:23.706 [main] TRACE io.netty.channel.nio.NioEventLoop - instrumented a special java.util.Set into: sun.nio.ch.WindowsSelectorImpl@27a0a5a2
21:27:23.708 [main] TRACE io.netty.channel.nio.NioEventLoop - instrumented a special java.util.Set into: sun.nio.ch.WindowsSelectorImpl@7692cd34
21:27:23.709 [main] TRACE io.netty.channel.nio.NioEventLoop - instrumented a special java.util.Set into: sun.nio.ch.WindowsSelectorImpl@33aa93c
21:27:23.710 [main] TRACE io.netty.channel.nio.NioEventLoop - instrumented a special java.util.Set into: sun.nio.ch.WindowsSelectorImpl@32c0915e
21:27:23.711 [main] TRACE io.netty.channel.nio.NioEventLoop - instrumented a special java.util.Set into: sun.nio.ch.WindowsSelectorImpl@106faf11
21:27:23.735 [main] DEBUG io.netty.buffer.PooledByteBufAllocator - -Dio.netty.allocator.numHeapArenas: 8
21:27:23.735 [main] DEBUG io.netty.buffer.PooledByteBufAllocator - -Dio.netty.allocator.numDirectArenas: 8
21:27:23.735 [main] DEBUG io.netty.buffer.PooledByteBufAllocator - -Dio.netty.allocator.pageSize: 8192
21:27:23.735 [main] DEBUG io.netty.buffer.PooledByteBufAllocator - -Dio.netty.allocator.maxOrder: 11
21:27:23.735 [main] DEBUG io.netty.buffer.PooledByteBufAllocator - -Dio.netty.allocator.chunkSize: 16777216
21:27:23.735 [main] DEBUG io.netty.buffer.PooledByteBufAllocator - -Dio.netty.allocator.smallCacheSize: 256
21:27:23.735 [main] DEBUG io.netty.buffer.PooledByteBufAllocator - -Dio.netty.allocator.normalCacheSize: 64
21:27:23.735 [main] DEBUG io.netty.buffer.PooledByteBufAllocator - -Dio.netty.allocator.maxCachedBufferCapacity: 32768
21:27:23.735 [main] DEBUG io.netty.buffer.PooledByteBufAllocator - -Dio.netty.allocator.cacheTrimInterval: 8192
21:27:23.735 [main] DEBUG io.netty.buffer.PooledByteBufAllocator - -Dio.netty.allocator.cacheTrimIntervalMillis: 0
21:27:23.736 [main] DEBUG io.netty.buffer.PooledByteBufAllocator - -Dio.netty.allocator.useCacheForAllThreads: true
21:27:23.736 [main] DEBUG io.netty.buffer.PooledByteBufAllocator - -Dio.netty.allocator.maxCachedByteBuffersPerChunk: 1023
21:27:23.747 [main] DEBUG io.netty.buffer.ByteBufUtil - -Dio.netty.allocator.type: pooled
21:27:23.747 [main] DEBUG io.netty.buffer.ByteBufUtil - -Dio.netty.threadLocalDirectBufferSize: 0
21:27:23.747 [main] DEBUG io.netty.buffer.ByteBufUtil - -Dio.netty.maxThreadLocalCharBufferSize: 16384
21:27:24.699 [Forwarding newSession on session null to remote] DEBUG io.netty.channel.DefaultChannelId - -Dio.netty.processId: 9452 (auto-detected)
21:27:24.702 [Forwarding newSession on session null to remote] DEBUG io.netty.util.NetUtil - -Djava.net.preferIPv4Stack: false
21:27:24.702 [Forwarding newSession on session null to remote] DEBUG io.netty.util.NetUtil - -Djava.net.preferIPv6Addresses: false
21:27:24.914 [Forwarding newSession on session null to remote] DEBUG io.netty.util.NetUtilInitializations - Loopback interface: lo (Software Loopback Interface 1, 127.0.0.1)
21:27:24.915 [Forwarding newSession on session null to remote] DEBUG io.netty.util.NetUtil - Failed to get SOMAXCONN from sysctl and file \proc\sys\net\core\somaxconn. Default: 200
21:27:25.133 [Forwarding newSession on session null to remote] DEBUG io.netty.channel.DefaultChannelId - -Dio.netty.machineId: cc:b0:da:ff:fe:fb:d6:e7 (auto-detected)
21:27:25.207 [AsyncHttpClient-1-2] DEBUG io.netty.buffer.AbstractByteBuf - -Dio.netty.buffer.checkAccessible: true
21:27:25.207 [AsyncHttpClient-1-2] DEBUG io.netty.buffer.AbstractByteBuf - -Dio.netty.buffer.checkBounds: true
21:27:25.207 [AsyncHttpClient-1-2] DEBUG io.netty.util.ResourceLeakDetectorFactory - Loaded default ResourceLeakDetector: io.netty.util.ResourceLeakDetector@28f4b7
21:27:25.241 [AsyncHttpClient-1-2] DEBUG io.netty.util.Recycler - -Dio.netty.recycler.maxCapacityPerThread: 4096
21:27:25.241 [AsyncHttpClient-1-2] DEBUG io.netty.util.Recycler - -Dio.netty.recycler.maxSharedCapacityFactor: 2
21:27:25.241 [AsyncHttpClient-1-2] DEBUG io.netty.util.Recycler - -Dio.netty.recycler.linkCapacity: 16
21:27:25.241 [AsyncHttpClient-1-2] DEBUG io.netty.util.Recycler - -Dio.netty.recycler.ratio: 8
21:27:25.242 [AsyncHttpClient-1-2] DEBUG io.netty.util.Recycler - -Dio.netty.recycler.delayedQueue.ratio: 8
21:27:26.622 [AsyncHttpClient-1-2] DEBUG io.netty.handler.codec.compression.Brotli - brotli4j not in the classpath; Brotli support will be unavailable.
21:27:26.766 [main] DEBUG io.netty.util.internal.ThreadLocalRandom - -Dio.netty.initialSeedUniquifier: 0xe9940a9d95c47371
21:27:26.813 [main] INFO  testCases.TC_001_AccountRegistration - Launched Chrome Browser
21:27:26.834 [main] INFO  testCases.TC_001_AccountRegistration -  Starting TC_001_AccountRegistration 
21:27:27.676 [main] INFO  testCases.TC_001_AccountRegistration - Home Page Displayed 
21:27:28.328 [main] INFO  testCases.TC_001_AccountRegistration - Clicked on My Account 
21:27:28.992 [main] INFO  testCases.TC_001_AccountRegistration - Clicked on Register 
21:27:29.152 [main] INFO  testCases.TC_001_AccountRegistration - Provided First Name 
21:27:29.298 [main] INFO  testCases.TC_001_AccountRegistration - Provided Last Name 
21:27:29.485 [main] INFO  testCases.TC_001_AccountRegistration - Provided Email 
21:27:29.626 [main] INFO  testCases.TC_001_AccountRegistration - Provided Telephone 
21:27:29.751 [main] INFO  testCases.TC_001_AccountRegistration - Provided Password 
21:27:29.868 [main] INFO  testCases.TC_001_AccountRegistration - Provided Confrmed Password 
21:27:29.953 [main] INFO  testCases.TC_001_AccountRegistration - Set Privacy Policy 
21:27:30.778 [main] INFO  testCases.TC_001_AccountRegistration - Clicked on Continue 
21:27:30.842 [main] INFO  testCases.TC_001_AccountRegistration - Account Registration Success 
21:27:30.844 [main] INFO  testCases.TC_001_AccountRegistration -  Finished TC_001_AccountRegistration 
21:27:30.867 [AsyncHttpClient-1-4] TRACE io.netty.handler.codec.http.websocketx.WebSocket08FrameEncoder - Encoding WebSocket Frame opCode=8 length=26
21:27:49.172 [main] INFO  testCases.TC_002_Login - Launched Chrome Browser
21:27:49.179 [main] INFO  testCases.TC_002_Login -  Starting TC_002_Login 
21:27:50.004 [main] INFO  testCases.TC_002_Login - Home Page Displayed 
21:27:50.633 [main] INFO  testCases.TC_002_Login - Clicked on My Account 
21:27:51.083 [main] INFO  testCases.TC_002_Login - Clicked on Login 
21:27:51.276 [main] INFO  testCases.TC_002_Login - Provided Email 
21:27:51.391 [main] INFO  testCases.TC_002_Login - Provided Password 
21:27:52.152 [main] INFO  testCases.TC_002_Login - Clicked on Login
21:27:52.228 [main] INFO  testCases.TC_002_Login - Login Success 
21:27:52.229 [main] INFO  testCases.TC_002_Login -  Finished TC_002_Login 
21:27:52.230 [AsyncHttpClient-1-7] TRACE io.netty.handler.codec.http.websocketx.WebSocket08FrameEncoder - Encoding WebSocket Frame opCode=8 length=26
21:28:09.826 [main] INFO  testCases.TC_004_Logout - Launched Chrome Browser
21:28:09.837 [main] INFO  testCases.TC_004_Logout -  Starting TC_004_Logout 
21:28:10.624 [main] INFO  testCases.TC_004_Logout - Home Page Displayed 
21:28:11.256 [main] INFO  testCases.TC_004_Logout - Clicked on My Account 
21:28:11.824 [main] INFO  testCases.TC_004_Logout - Clicked on Login 
21:28:11.981 [main] INFO  testCases.TC_004_Logout - Provided Email 
21:28:12.080 [main] INFO  testCases.TC_004_Logout - Provided Password 
21:28:12.878 [main] INFO  testCases.TC_004_Logout - Clicked on Login
21:28:12.945 [main] INFO  testCases.TC_004_Logout - Clicked on My Account 
21:28:13.558 [main] INFO  testCases.TC_004_Logout - Clicked on Logout
21:28:13.607 [main] INFO  testCases.TC_004_Logout - Logout Success 
21:28:14.057 [main] INFO  testCases.TC_004_Logout - Clicked on Continue
21:28:14.114 [main] INFO  testCases.TC_004_Logout - Continue Success 
21:28:14.117 [main] INFO  testCases.TC_004_Logout -  Finished TC_004_Logout 
21:28:14.120 [AsyncHttpClient-1-2] TRACE io.netty.handler.codec.http.websocketx.WebSocket08FrameEncoder - Encoding WebSocket Frame opCode=8 length=26
21:30:57.694 [main] DEBUG io.netty.util.internal.logging.InternalLoggerFactory - Using Log4J2 as the default logging framework
21:30:57.706 [main] DEBUG io.netty.util.ResourceLeakDetector - -Dio.netty.leakDetection.level: simple
21:30:57.706 [main] DEBUG io.netty.util.ResourceLeakDetector - -Dio.netty.leakDetection.targetRecords: 4
21:30:57.712 [main] DEBUG io.netty.util.ResourceLeakDetectorFactory - Loaded default ResourceLeakDetector: io.netty.util.ResourceLeakDetector@4de025bf
21:30:57.735 [main] DEBUG io.netty.util.internal.PlatformDependent0 - -Dio.netty.noUnsafe: false
21:30:57.735 [main] DEBUG io.netty.util.internal.PlatformDependent0 - Java version: 8
21:30:57.736 [main] DEBUG io.netty.util.internal.PlatformDependent0 - sun.misc.Unsafe.theUnsafe: available
21:30:57.737 [main] DEBUG io.netty.util.internal.PlatformDependent0 - sun.misc.Unsafe.copyMemory: available
21:30:57.737 [main] DEBUG io.netty.util.internal.PlatformDependent0 - java.nio.Buffer.address: available
21:30:57.738 [main] DEBUG io.netty.util.internal.PlatformDependent0 - direct buffer constructor: available
21:30:57.739 [main] DEBUG io.netty.util.internal.PlatformDependent0 - java.nio.Bits.unaligned: available, true
21:30:57.739 [main] DEBUG io.netty.util.internal.PlatformDependent0 - jdk.internal.misc.Unsafe.allocateUninitializedArray(int): unavailable prior to Java9
21:30:57.739 [main] DEBUG io.netty.util.internal.PlatformDependent0 - java.nio.DirectByteBuffer.<init>(long, int): available
21:30:57.739 [main] DEBUG io.netty.util.internal.PlatformDependent - sun.misc.Unsafe: available
21:30:57.739 [main] DEBUG io.netty.util.internal.PlatformDependent - -Dio.netty.tmpdir: C:\Users\SRIDEV~1\AppData\Local\Temp (java.io.tmpdir)
21:30:57.740 [main] DEBUG io.netty.util.internal.PlatformDependent - -Dio.netty.bitMode: 64 (sun.arch.data.model)
21:30:57.740 [main] DEBUG io.netty.util.internal.PlatformDependent - Platform: Windows
21:30:57.741 [main] DEBUG io.netty.util.internal.PlatformDependent - -Dio.netty.maxDirectMemory: 1873805312 bytes
21:30:57.741 [main] DEBUG io.netty.util.internal.PlatformDependent - -Dio.netty.uninitializedArrayAllocationThreshold: -1
21:30:57.742 [main] DEBUG io.netty.util.internal.CleanerJava6 - java.nio.ByteBuffer.cleaner(): available
21:30:57.742 [main] DEBUG io.netty.util.internal.PlatformDependent - -Dio.netty.noPreferDirect: false
21:30:57.750 [main] DEBUG io.netty.util.internal.PlatformDependent - org.jctools-core.MpscChunkedArrayQueue: available
21:30:57.775 [main] DEBUG io.netty.util.internal.InternalThreadLocalMap - -Dio.netty.threadLocalMap.stringBuilder.initialSize: 1024
21:30:57.775 [main] DEBUG io.netty.util.internal.InternalThreadLocalMap - -Dio.netty.threadLocalMap.stringBuilder.maxSize: 4096
21:30:57.803 [main] DEBUG io.netty.handler.ssl.JdkSslContext - Default protocols (JDK): [TLSv1.2] 
21:30:57.803 [main] DEBUG io.netty.handler.ssl.JdkSslContext - Default cipher suites (JDK): [TLS_ECDHE_ECDSA_WITH_AES_256_GCM_SHA384, TLS_ECDHE_ECDSA_WITH_AES_128_GCM_SHA256, TLS_ECDHE_RSA_WITH_AES_128_GCM_SHA256, TLS_ECDHE_RSA_WITH_AES_256_GCM_SHA384, TLS_ECDHE_RSA_WITH_AES_128_CBC_SHA, TLS_ECDHE_RSA_WITH_AES_256_CBC_SHA, TLS_RSA_WITH_AES_128_GCM_SHA256, TLS_RSA_WITH_AES_128_CBC_SHA, TLS_RSA_WITH_AES_256_CBC_SHA, TLS_AES_128_GCM_SHA256, TLS_AES_256_GCM_SHA384]
21:30:57.846 [main] DEBUG io.netty.channel.MultithreadEventLoopGroup - -Dio.netty.eventLoopThreads: 8
21:30:57.859 [main] DEBUG io.netty.channel.nio.NioEventLoop - -Dio.netty.noKeySetOptimization: false
21:30:57.859 [main] DEBUG io.netty.channel.nio.NioEventLoop - -Dio.netty.selectorAutoRebuildThreshold: 512
21:30:57.870 [main] TRACE io.netty.channel.nio.NioEventLoop - instrumented a special java.util.Set into: sun.nio.ch.WindowsSelectorImpl@4acf72b6
21:30:57.872 [main] TRACE io.netty.channel.nio.NioEventLoop - instrumented a special java.util.Set into: sun.nio.ch.WindowsSelectorImpl@24b52d3e
21:30:57.873 [main] TRACE io.netty.channel.nio.NioEventLoop - instrumented a special java.util.Set into: sun.nio.ch.WindowsSelectorImpl@15deb1dc
21:30:57.874 [main] TRACE io.netty.channel.nio.NioEventLoop - instrumented a special java.util.Set into: sun.nio.ch.WindowsSelectorImpl@6e9c413e
21:30:57.876 [main] TRACE io.netty.channel.nio.NioEventLoop - instrumented a special java.util.Set into: sun.nio.ch.WindowsSelectorImpl@57a4d5ee
21:30:57.877 [main] TRACE io.netty.channel.nio.NioEventLoop - instrumented a special java.util.Set into: sun.nio.ch.WindowsSelectorImpl@5af5def9
21:30:57.878 [main] TRACE io.netty.channel.nio.NioEventLoop - instrumented a special java.util.Set into: sun.nio.ch.WindowsSelectorImpl@3a45c42a
21:30:57.880 [main] TRACE io.netty.channel.nio.NioEventLoop - instrumented a special java.util.Set into: sun.nio.ch.WindowsSelectorImpl@36dce7ed
21:30:57.907 [main] DEBUG io.netty.buffer.PooledByteBufAllocator - -Dio.netty.allocator.numHeapArenas: 8
21:30:57.907 [main] DEBUG io.netty.buffer.PooledByteBufAllocator - -Dio.netty.allocator.numDirectArenas: 8
21:30:57.907 [main] DEBUG io.netty.buffer.PooledByteBufAllocator - -Dio.netty.allocator.pageSize: 8192
21:30:57.907 [main] DEBUG io.netty.buffer.PooledByteBufAllocator - -Dio.netty.allocator.maxOrder: 11
21:30:57.908 [main] DEBUG io.netty.buffer.PooledByteBufAllocator - -Dio.netty.allocator.chunkSize: 16777216
21:30:57.908 [main] DEBUG io.netty.buffer.PooledByteBufAllocator - -Dio.netty.allocator.smallCacheSize: 256
21:30:57.908 [main] DEBUG io.netty.buffer.PooledByteBufAllocator - -Dio.netty.allocator.normalCacheSize: 64
21:30:57.908 [main] DEBUG io.netty.buffer.PooledByteBufAllocator - -Dio.netty.allocator.maxCachedBufferCapacity: 32768
21:30:57.908 [main] DEBUG io.netty.buffer.PooledByteBufAllocator - -Dio.netty.allocator.cacheTrimInterval: 8192
21:30:57.908 [main] DEBUG io.netty.buffer.PooledByteBufAllocator - -Dio.netty.allocator.cacheTrimIntervalMillis: 0
21:30:57.908 [main] DEBUG io.netty.buffer.PooledByteBufAllocator - -Dio.netty.allocator.useCacheForAllThreads: true
21:30:57.908 [main] DEBUG io.netty.buffer.PooledByteBufAllocator - -Dio.netty.allocator.maxCachedByteBuffersPerChunk: 1023
21:30:57.919 [main] DEBUG io.netty.buffer.ByteBufUtil - -Dio.netty.allocator.type: pooled
21:30:57.919 [main] DEBUG io.netty.buffer.ByteBufUtil - -Dio.netty.threadLocalDirectBufferSize: 0
21:30:57.919 [main] DEBUG io.netty.buffer.ByteBufUtil - -Dio.netty.maxThreadLocalCharBufferSize: 16384
21:30:58.855 [Forwarding newSession on session null to remote] DEBUG io.netty.channel.DefaultChannelId - -Dio.netty.processId: 3124 (auto-detected)
21:30:58.858 [Forwarding newSession on session null to remote] DEBUG io.netty.util.NetUtil - -Djava.net.preferIPv4Stack: false
21:30:58.858 [Forwarding newSession on session null to remote] DEBUG io.netty.util.NetUtil - -Djava.net.preferIPv6Addresses: false
21:30:59.066 [Forwarding newSession on session null to remote] DEBUG io.netty.util.NetUtilInitializations - Loopback interface: lo (Software Loopback Interface 1, 127.0.0.1)
21:30:59.067 [Forwarding newSession on session null to remote] DEBUG io.netty.util.NetUtil - Failed to get SOMAXCONN from sysctl and file \proc\sys\net\core\somaxconn. Default: 200
21:30:59.285 [Forwarding newSession on session null to remote] DEBUG io.netty.channel.DefaultChannelId - -Dio.netty.machineId: cc:b0:da:ff:fe:fb:d6:e7 (auto-detected)
21:30:59.364 [AsyncHttpClient-1-2] DEBUG io.netty.buffer.AbstractByteBuf - -Dio.netty.buffer.checkAccessible: true
21:30:59.365 [AsyncHttpClient-1-2] DEBUG io.netty.buffer.AbstractByteBuf - -Dio.netty.buffer.checkBounds: true
21:30:59.365 [AsyncHttpClient-1-2] DEBUG io.netty.util.ResourceLeakDetectorFactory - Loaded default ResourceLeakDetector: io.netty.util.ResourceLeakDetector@7938706a
21:30:59.409 [AsyncHttpClient-1-2] DEBUG io.netty.util.Recycler - -Dio.netty.recycler.maxCapacityPerThread: 4096
21:30:59.409 [AsyncHttpClient-1-2] DEBUG io.netty.util.Recycler - -Dio.netty.recycler.maxSharedCapacityFactor: 2
21:30:59.410 [AsyncHttpClient-1-2] DEBUG io.netty.util.Recycler - -Dio.netty.recycler.linkCapacity: 16
21:30:59.412 [AsyncHttpClient-1-2] DEBUG io.netty.util.Recycler - -Dio.netty.recycler.ratio: 8
21:30:59.412 [AsyncHttpClient-1-2] DEBUG io.netty.util.Recycler - -Dio.netty.recycler.delayedQueue.ratio: 8
21:31:02.947 [AsyncHttpClient-1-2] DEBUG io.netty.handler.codec.compression.Brotli - brotli4j not in the classpath; Brotli support will be unavailable.
21:31:03.083 [main] DEBUG io.netty.util.internal.ThreadLocalRandom - -Dio.netty.initialSeedUniquifier: 0x48a2d2682c0b4b27
21:31:03.138 [main] INFO  testCases.TC_001_AccountRegistration - Launched Chrome Browser
21:31:03.169 [main] INFO  testCases.TC_001_AccountRegistration -  Starting TC_001_AccountRegistration 
21:31:04.052 [main] INFO  testCases.TC_001_AccountRegistration - Home Page Displayed 
21:31:04.882 [main] INFO  testCases.TC_001_AccountRegistration - Clicked on My Account 
21:31:05.436 [main] INFO  testCases.TC_001_AccountRegistration - Clicked on Register 
21:31:05.561 [main] INFO  testCases.TC_001_AccountRegistration - Provided First Name 
21:31:05.661 [main] INFO  testCases.TC_001_AccountRegistration - Provided Last Name 
21:31:05.759 [main] INFO  testCases.TC_001_AccountRegistration - Provided Email 
21:31:05.848 [main] INFO  testCases.TC_001_AccountRegistration - Provided Telephone 
21:31:05.934 [main] INFO  testCases.TC_001_AccountRegistration - Provided Password 
21:31:06.024 [main] INFO  testCases.TC_001_AccountRegistration - Provided Confrmed Password 
21:31:06.087 [main] INFO  testCases.TC_001_AccountRegistration - Set Privacy Policy 
21:31:06.883 [main] INFO  testCases.TC_001_AccountRegistration - Clicked on Continue 
21:31:06.924 [main] INFO  testCases.TC_001_AccountRegistration - Account Registration Success 
21:31:06.926 [main] INFO  testCases.TC_001_AccountRegistration -  Finished TC_001_AccountRegistration 
21:31:06.945 [AsyncHttpClient-1-4] TRACE io.netty.handler.codec.http.websocketx.WebSocket08FrameEncoder - Encoding WebSocket Frame opCode=8 length=26
21:31:21.791 [main] INFO  testCases.TC_002_Login - Launched Chrome Browser
21:31:21.801 [main] INFO  testCases.TC_002_Login -  Starting TC_002_Login 
21:31:22.718 [main] INFO  testCases.TC_002_Login - Home Page Displayed 
21:31:23.485 [main] INFO  testCases.TC_002_Login - Clicked on My Account 
21:31:23.891 [main] INFO  testCases.TC_002_Login - Clicked on Login 
21:31:24.025 [main] INFO  testCases.TC_002_Login - Provided Email 
21:31:24.112 [main] INFO  testCases.TC_002_Login - Provided Password 
21:31:24.860 [main] INFO  testCases.TC_002_Login - Clicked on Login
21:31:24.923 [main] INFO  testCases.TC_002_Login - Login Success 
21:31:24.923 [main] INFO  testCases.TC_002_Login -  Finished TC_002_Login 
21:31:24.924 [AsyncHttpClient-1-7] TRACE io.netty.handler.codec.http.websocketx.WebSocket08FrameEncoder - Encoding WebSocket Frame opCode=8 length=26
21:31:39.698 [main] INFO  testCases.TC_004_Logout - Launched Chrome Browser
21:31:39.705 [main] INFO  testCases.TC_004_Logout -  Starting TC_004_Logout 
21:31:40.519 [main] INFO  testCases.TC_004_Logout - Home Page Displayed 
21:31:41.339 [main] INFO  testCases.TC_004_Logout - Clicked on My Account 
21:31:41.785 [main] INFO  testCases.TC_004_Logout - Clicked on Login 
21:31:41.943 [main] INFO  testCases.TC_004_Logout - Provided Email 
21:31:42.038 [main] INFO  testCases.TC_004_Logout - Provided Password 
21:31:42.828 [main] INFO  testCases.TC_004_Logout - Clicked on Login
21:31:42.888 [main] INFO  testCases.TC_004_Logout - Clicked on My Account 
21:31:43.492 [main] INFO  testCases.TC_004_Logout - Clicked on Logout
21:31:43.543 [main] INFO  testCases.TC_004_Logout - Logout Success 
21:31:44.025 [main] INFO  testCases.TC_004_Logout - Clicked on Continue
21:31:44.062 [main] INFO  testCases.TC_004_Logout - Continue Success 
21:31:44.062 [main] INFO  testCases.TC_004_Logout -  Finished TC_004_Logout 
21:31:44.063 [AsyncHttpClient-1-2] TRACE io.netty.handler.codec.http.websocketx.WebSocket08FrameEncoder - Encoding WebSocket Frame opCode=8 length=26
21:34:23.840 [main] DEBUG io.netty.util.internal.logging.InternalLoggerFactory - Using Log4J2 as the default logging framework
21:34:23.853 [main] DEBUG io.netty.util.ResourceLeakDetector - -Dio.netty.leakDetection.level: simple
21:34:23.853 [main] DEBUG io.netty.util.ResourceLeakDetector - -Dio.netty.leakDetection.targetRecords: 4
21:34:23.859 [main] DEBUG io.netty.util.ResourceLeakDetectorFactory - Loaded default ResourceLeakDetector: io.netty.util.ResourceLeakDetector@4da855dd
21:34:23.882 [main] DEBUG io.netty.util.internal.PlatformDependent0 - -Dio.netty.noUnsafe: false
21:34:23.882 [main] DEBUG io.netty.util.internal.PlatformDependent0 - Java version: 8
21:34:23.883 [main] DEBUG io.netty.util.internal.PlatformDependent0 - sun.misc.Unsafe.theUnsafe: available
21:34:23.884 [main] DEBUG io.netty.util.internal.PlatformDependent0 - sun.misc.Unsafe.copyMemory: available
21:34:23.885 [main] DEBUG io.netty.util.internal.PlatformDependent0 - java.nio.Buffer.address: available
21:34:23.885 [main] DEBUG io.netty.util.internal.PlatformDependent0 - direct buffer constructor: available
21:34:23.886 [main] DEBUG io.netty.util.internal.PlatformDependent0 - java.nio.Bits.unaligned: available, true
21:34:23.886 [main] DEBUG io.netty.util.internal.PlatformDependent0 - jdk.internal.misc.Unsafe.allocateUninitializedArray(int): unavailable prior to Java9
21:34:23.887 [main] DEBUG io.netty.util.internal.PlatformDependent0 - java.nio.DirectByteBuffer.<init>(long, int): available
21:34:23.887 [main] DEBUG io.netty.util.internal.PlatformDependent - sun.misc.Unsafe: available
21:34:23.887 [main] DEBUG io.netty.util.internal.PlatformDependent - -Dio.netty.tmpdir: C:\Users\SRIDEV~1\AppData\Local\Temp (java.io.tmpdir)
21:34:23.887 [main] DEBUG io.netty.util.internal.PlatformDependent - -Dio.netty.bitMode: 64 (sun.arch.data.model)
21:34:23.888 [main] DEBUG io.netty.util.internal.PlatformDependent - Platform: Windows
21:34:23.889 [main] DEBUG io.netty.util.internal.PlatformDependent - -Dio.netty.maxDirectMemory: 1873805312 bytes
21:34:23.890 [main] DEBUG io.netty.util.internal.PlatformDependent - -Dio.netty.uninitializedArrayAllocationThreshold: -1
21:34:23.891 [main] DEBUG io.netty.util.internal.CleanerJava6 - java.nio.ByteBuffer.cleaner(): available
21:34:23.892 [main] DEBUG io.netty.util.internal.PlatformDependent - -Dio.netty.noPreferDirect: false
21:34:23.906 [main] DEBUG io.netty.util.internal.PlatformDependent - org.jctools-core.MpscChunkedArrayQueue: available
21:34:23.929 [main] DEBUG io.netty.util.internal.InternalThreadLocalMap - -Dio.netty.threadLocalMap.stringBuilder.initialSize: 1024
21:34:23.930 [main] DEBUG io.netty.util.internal.InternalThreadLocalMap - -Dio.netty.threadLocalMap.stringBuilder.maxSize: 4096
21:34:23.955 [main] DEBUG io.netty.handler.ssl.JdkSslContext - Default protocols (JDK): [TLSv1.2] 
21:34:23.955 [main] DEBUG io.netty.handler.ssl.JdkSslContext - Default cipher suites (JDK): [TLS_ECDHE_ECDSA_WITH_AES_256_GCM_SHA384, TLS_ECDHE_ECDSA_WITH_AES_128_GCM_SHA256, TLS_ECDHE_RSA_WITH_AES_128_GCM_SHA256, TLS_ECDHE_RSA_WITH_AES_256_GCM_SHA384, TLS_ECDHE_RSA_WITH_AES_128_CBC_SHA, TLS_ECDHE_RSA_WITH_AES_256_CBC_SHA, TLS_RSA_WITH_AES_128_GCM_SHA256, TLS_RSA_WITH_AES_128_CBC_SHA, TLS_RSA_WITH_AES_256_CBC_SHA, TLS_AES_128_GCM_SHA256, TLS_AES_256_GCM_SHA384]
21:34:23.987 [main] DEBUG io.netty.channel.MultithreadEventLoopGroup - -Dio.netty.eventLoopThreads: 8
21:34:23.996 [main] DEBUG io.netty.channel.nio.NioEventLoop - -Dio.netty.noKeySetOptimization: false
21:34:23.996 [main] DEBUG io.netty.channel.nio.NioEventLoop - -Dio.netty.selectorAutoRebuildThreshold: 512
21:34:24.005 [main] TRACE io.netty.channel.nio.NioEventLoop - instrumented a special java.util.Set into: sun.nio.ch.WindowsSelectorImpl@6754ef00
21:34:24.007 [main] TRACE io.netty.channel.nio.NioEventLoop - instrumented a special java.util.Set into: sun.nio.ch.WindowsSelectorImpl@a23a01d
21:34:24.008 [main] TRACE io.netty.channel.nio.NioEventLoop - instrumented a special java.util.Set into: sun.nio.ch.WindowsSelectorImpl@4acf72b6
21:34:24.009 [main] TRACE io.netty.channel.nio.NioEventLoop - instrumented a special java.util.Set into: sun.nio.ch.WindowsSelectorImpl@7561db12
21:34:24.010 [main] TRACE io.netty.channel.nio.NioEventLoop - instrumented a special java.util.Set into: sun.nio.ch.WindowsSelectorImpl@3301500b
21:34:24.011 [main] TRACE io.netty.channel.nio.NioEventLoop - instrumented a special java.util.Set into: sun.nio.ch.WindowsSelectorImpl@24b52d3e
21:34:24.012 [main] TRACE io.netty.channel.nio.NioEventLoop - instrumented a special java.util.Set into: sun.nio.ch.WindowsSelectorImpl@15deb1dc
21:34:24.013 [main] TRACE io.netty.channel.nio.NioEventLoop - instrumented a special java.util.Set into: sun.nio.ch.WindowsSelectorImpl@6e9c413e
21:34:24.036 [main] DEBUG io.netty.buffer.PooledByteBufAllocator - -Dio.netty.allocator.numHeapArenas: 8
21:34:24.036 [main] DEBUG io.netty.buffer.PooledByteBufAllocator - -Dio.netty.allocator.numDirectArenas: 8
21:34:24.036 [main] DEBUG io.netty.buffer.PooledByteBufAllocator - -Dio.netty.allocator.pageSize: 8192
21:34:24.036 [main] DEBUG io.netty.buffer.PooledByteBufAllocator - -Dio.netty.allocator.maxOrder: 11
21:34:24.036 [main] DEBUG io.netty.buffer.PooledByteBufAllocator - -Dio.netty.allocator.chunkSize: 16777216
21:34:24.036 [main] DEBUG io.netty.buffer.PooledByteBufAllocator - -Dio.netty.allocator.smallCacheSize: 256
21:34:24.037 [main] DEBUG io.netty.buffer.PooledByteBufAllocator - -Dio.netty.allocator.normalCacheSize: 64
21:34:24.037 [main] DEBUG io.netty.buffer.PooledByteBufAllocator - -Dio.netty.allocator.maxCachedBufferCapacity: 32768
21:34:24.037 [main] DEBUG io.netty.buffer.PooledByteBufAllocator - -Dio.netty.allocator.cacheTrimInterval: 8192
21:34:24.037 [main] DEBUG io.netty.buffer.PooledByteBufAllocator - -Dio.netty.allocator.cacheTrimIntervalMillis: 0
21:34:24.037 [main] DEBUG io.netty.buffer.PooledByteBufAllocator - -Dio.netty.allocator.useCacheForAllThreads: true
21:34:24.037 [main] DEBUG io.netty.buffer.PooledByteBufAllocator - -Dio.netty.allocator.maxCachedByteBuffersPerChunk: 1023
21:34:24.047 [main] DEBUG io.netty.buffer.ByteBufUtil - -Dio.netty.allocator.type: pooled
21:34:24.048 [main] DEBUG io.netty.buffer.ByteBufUtil - -Dio.netty.threadLocalDirectBufferSize: 0
21:34:24.048 [main] DEBUG io.netty.buffer.ByteBufUtil - -Dio.netty.maxThreadLocalCharBufferSize: 16384
21:34:24.977 [Forwarding newSession on session null to remote] DEBUG io.netty.channel.DefaultChannelId - -Dio.netty.processId: 17592 (auto-detected)
21:34:24.979 [Forwarding newSession on session null to remote] DEBUG io.netty.util.NetUtil - -Djava.net.preferIPv4Stack: false
21:34:24.979 [Forwarding newSession on session null to remote] DEBUG io.netty.util.NetUtil - -Djava.net.preferIPv6Addresses: false
21:34:25.186 [Forwarding newSession on session null to remote] DEBUG io.netty.util.NetUtilInitializations - Loopback interface: lo (Software Loopback Interface 1, 127.0.0.1)
21:34:25.187 [Forwarding newSession on session null to remote] DEBUG io.netty.util.NetUtil - Failed to get SOMAXCONN from sysctl and file \proc\sys\net\core\somaxconn. Default: 200
21:34:25.407 [Forwarding newSession on session null to remote] DEBUG io.netty.channel.DefaultChannelId - -Dio.netty.machineId: cc:b0:da:ff:fe:fb:d6:e7 (auto-detected)
21:34:25.475 [AsyncHttpClient-1-2] DEBUG io.netty.buffer.AbstractByteBuf - -Dio.netty.buffer.checkAccessible: true
21:34:25.475 [AsyncHttpClient-1-2] DEBUG io.netty.buffer.AbstractByteBuf - -Dio.netty.buffer.checkBounds: true
21:34:25.475 [AsyncHttpClient-1-2] DEBUG io.netty.util.ResourceLeakDetectorFactory - Loaded default ResourceLeakDetector: io.netty.util.ResourceLeakDetector@75ca91eb
21:34:25.508 [AsyncHttpClient-1-2] DEBUG io.netty.util.Recycler - -Dio.netty.recycler.maxCapacityPerThread: 4096
21:34:25.508 [AsyncHttpClient-1-2] DEBUG io.netty.util.Recycler - -Dio.netty.recycler.maxSharedCapacityFactor: 2
21:34:25.509 [AsyncHttpClient-1-2] DEBUG io.netty.util.Recycler - -Dio.netty.recycler.linkCapacity: 16
21:34:25.509 [AsyncHttpClient-1-2] DEBUG io.netty.util.Recycler - -Dio.netty.recycler.ratio: 8
21:34:25.509 [AsyncHttpClient-1-2] DEBUG io.netty.util.Recycler - -Dio.netty.recycler.delayedQueue.ratio: 8
21:34:26.895 [AsyncHttpClient-1-2] DEBUG io.netty.handler.codec.compression.Brotli - brotli4j not in the classpath; Brotli support will be unavailable.
21:34:27.053 [main] DEBUG io.netty.util.internal.ThreadLocalRandom - -Dio.netty.initialSeedUniquifier: 0x9d816d8f15edc517
21:34:27.097 [main] INFO  testCases.TC_001_AccountRegistration - Launched Chrome Browser
21:34:27.119 [main] INFO  testCases.TC_001_AccountRegistration -  Starting TC_001_AccountRegistration 
21:34:28.043 [main] INFO  testCases.TC_001_AccountRegistration - Home Page Displayed 
21:34:28.665 [main] INFO  testCases.TC_001_AccountRegistration - Clicked on My Account 
21:34:29.267 [main] INFO  testCases.TC_001_AccountRegistration - Clicked on Register 
21:34:29.402 [main] INFO  testCases.TC_001_AccountRegistration - Provided First Name 
21:34:29.505 [main] INFO  testCases.TC_001_AccountRegistration - Provided Last Name 
21:34:29.619 [main] INFO  testCases.TC_001_AccountRegistration - Provided Email 
21:34:29.707 [main] INFO  testCases.TC_001_AccountRegistration - Provided Telephone 
21:34:29.795 [main] INFO  testCases.TC_001_AccountRegistration - Provided Password 
21:34:29.893 [main] INFO  testCases.TC_001_AccountRegistration - Provided Confrmed Password 
21:34:29.961 [main] INFO  testCases.TC_001_AccountRegistration - Set Privacy Policy 
21:34:30.806 [main] INFO  testCases.TC_001_AccountRegistration - Clicked on Continue 
21:34:30.852 [main] INFO  testCases.TC_001_AccountRegistration - Account Registration Success 
21:34:30.855 [main] INFO  testCases.TC_001_AccountRegistration -  Finished TC_001_AccountRegistration 
21:34:30.874 [AsyncHttpClient-1-4] TRACE io.netty.handler.codec.http.websocketx.WebSocket08FrameEncoder - Encoding WebSocket Frame opCode=8 length=26
21:34:42.380 [main] INFO  testCases.TC_002_Login - Launched Chrome Browser
21:34:42.388 [main] INFO  testCases.TC_002_Login -  Starting TC_002_Login 
21:34:43.248 [main] INFO  testCases.TC_002_Login - Home Page Displayed 
21:34:44.008 [main] INFO  testCases.TC_002_Login - Clicked on My Account 
21:34:44.601 [main] INFO  testCases.TC_002_Login - Clicked on Login 
21:34:44.733 [main] INFO  testCases.TC_002_Login - Provided Email 
21:34:44.832 [main] INFO  testCases.TC_002_Login - Provided Password 
21:34:45.606 [main] INFO  testCases.TC_002_Login - Clicked on Login
21:34:45.680 [main] INFO  testCases.TC_002_Login - Login Success 
21:34:45.680 [main] INFO  testCases.TC_002_Login -  Finished TC_002_Login 
21:34:45.681 [AsyncHttpClient-1-7] TRACE io.netty.handler.codec.http.websocketx.WebSocket08FrameEncoder - Encoding WebSocket Frame opCode=8 length=26
21:34:57.285 [main] INFO  testCases.TC_004_Logout - Launched Chrome Browser
21:34:57.290 [main] INFO  testCases.TC_004_Logout -  Starting TC_004_Logout 
21:34:58.081 [main] INFO  testCases.TC_004_Logout - Home Page Displayed 
21:34:58.808 [main] INFO  testCases.TC_004_Logout - Clicked on My Account 
21:34:59.281 [main] INFO  testCases.TC_004_Logout - Clicked on Login 
21:34:59.445 [main] INFO  testCases.TC_004_Logout - Provided Email 
21:34:59.531 [main] INFO  testCases.TC_004_Logout - Provided Password 
21:35:00.289 [main] INFO  testCases.TC_004_Logout - Clicked on Login
21:35:00.342 [main] INFO  testCases.TC_004_Logout - Clicked on My Account 
21:35:01.030 [main] INFO  testCases.TC_004_Logout - Clicked on Logout
21:35:01.079 [main] INFO  testCases.TC_004_Logout - Logout Success 
21:35:01.547 [main] INFO  testCases.TC_004_Logout - Clicked on Continue
21:35:01.584 [main] INFO  testCases.TC_004_Logout - Continue Success 
21:35:01.584 [main] INFO  testCases.TC_004_Logout -  Finished TC_004_Logout 
21:35:01.585 [AsyncHttpClient-1-2] TRACE io.netty.handler.codec.http.websocketx.WebSocket08FrameEncoder - Encoding WebSocket Frame opCode=8 length=26
